<?xml version="1.0" encoding="UTF-8"?>
<!-- Generated by org.testng.reporters.JUnitXMLReporter -->
<testsuite ignored="0" hostname="LAPTOP-KTHHIK5G" failures="0" tests="12" name="Test" time="2.051" errors="0" timestamp="2026-06-16T16:55:31 IST">
  <testcase classname="Com.ApiTest.DeleteTest" name="deleteTrainee_ValidId_ShouldReturnOK" time="1.269"/>
  <testcase classname="Com.ApiTest.GetTest" name="getTrainee_InvalidId_ShouldReturnNotFound" time="0.02"/>
  <testcase classname="Com.ApiTest.GetTest" name="getTrainee_ValidId_ShouldReturnCorrectName" time="0.424"/>
  <testcase classname="Com.ApiTest.GetTest" name="getTrainee_ValidId_ShouldReturnOK" time="0.023"/>
  <testcase classname="Com.ApiTest.HeadTest" name="headTrainee_ShouldReturnBadRequest" time="0.018"/>
  <testcase classname="Com.ApiTest.OptionsTest" name="optionsTrainee_ShouldReturnNoContent" time="0.017"/>
  <testcase classname="Com.ApiTest.PatchTest" name="patchTrainee_ValidData_ShouldReturnOK" time="0.032"/>
  <testcase classname="Com.ApiTest.PatchTest" name="patchTrainee_ValidData_ShouldReturnUpdatedCompany" time="0.067"/>
  <testcase classname="Com.ApiTest.PostTest" name="postTrainee_ValidData_ShouldReturnCorrectCompany" time="0.041"/>
  <testcase classname="Com.ApiTest.PostTest" name="postTrainee_ValidData_ShouldReturnCreated" time="0.019"/>
  <testcase classname="Com.ApiTest.PutTest" name="putTrainee_ValidData_ShouldReturnOK" time="0.021"/>
  <testcase classname="Com.ApiTest.PutTest" name="putTrainee_ValidData_ShouldReturnUpdatedCompany" time="0.032"/>
</testsuite> <!-- Test -->
