<?xml version="1.0" encoding="UTF-8"?>
<!-- Generated by org.testng.reporters.JUnitXMLReporter -->
<testsuite ignored="0" hostname="LAPTOP-KTHHIK5G" failures="0" tests="10" name="Test" time="1.942" errors="0" timestamp="2026-06-16T16:44:59 IST">
  <testcase classname="Com.ApiTest.DeleteTest" name="deleteTrainee_ValidId_ShouldReturnOK" time="1.268"/>
  <testcase classname="Com.ApiTest.GetTest" name="getTrainee_InvalidId_ShouldReturnNotFound" time="0.02"/>
  <testcase classname="Com.ApiTest.GetTest" name="getTrainee_ValidId_ShouldReturnCorrectName" time="0.439"/>
  <testcase classname="Com.ApiTest.GetTest" name="getTrainee_ValidId_ShouldReturnOK" time="0.014"/>
  <testcase classname="Com.ApiTest.HeadTest" name="headTrainee_ShouldReturnBadRequest" time="0.02"/>
  <testcase classname="Com.ApiTest.OptionsTest" name="optionsTrainee_ShouldReturnNoContent" time="0.018"/>
  <testcase classname="Com.ApiTest.PostTest" name="postTrainee_ValidData_ShouldReturnCorrectCompany" time="0.043"/>
  <testcase classname="Com.ApiTest.PostTest" name="postTrainee_ValidData_ShouldReturnCreated" time="0.015"/>
  <testcase classname="Com.ApiTest.PutTest" name="putTrainee_ValidData_ShouldReturnOK" time="0.024"/>
  <testcase classname="Com.ApiTest.PutTest" name="putTrainee_ValidData_ShouldReturnUpdatedCompany" time="0.028"/>
</testsuite> <!-- Test -->
