<?xml version="1.0" encoding="UTF-8"?>
<!-- Generated by org.testng.reporters.JUnitReportReporter -->
<testsuite hostname="LAPTOP-KTHHIK5G" failures="0" tests="3" name="Com.ApiTest.PostTest" time="4.255" errors="0" timestamp="2026-06-17T09:42:51 IST" skipped="0">
  <testcase classname="Com.ApiTest.PostTest" name="postUser_ValidData_ShouldReturnGeneratedId" time="0.660"/>
  <testcase classname="Com.ApiTest.PostTest" name="postUser_ValidData_ShouldReturnCreated" time="0.575"/>
  <testcase classname="Com.ApiTest.PostTest" name="postUser_ValidData_ShouldReturnCorrectName" time="3.020"/>
</testsuite> <!-- Com.ApiTest.PostTest -->
