<?xml version="1.0" encoding="UTF-8"?>
<!-- Generated by org.testng.reporters.JUnitReportReporter -->
<testsuite hostname="LAPTOP-KTHHIK5G" failures="0" tests="3" name="Com.ApiTest.PutTest" time="4.106" errors="0" timestamp="2026-06-17T09:43:39 IST" skipped="0">
  <testcase classname="Com.ApiTest.PutTest" name="putUser_ValidData_ShouldReturnOK" time="2.446"/>
  <testcase classname="Com.ApiTest.PutTest" name="putUser_ValidData_ShouldReturnUpdatedName" time="0.606"/>
  <testcase classname="Com.ApiTest.PutTest" name="putUser_ValidData_ShouldReturnUpdatedCompany" time="1.054"/>
</testsuite> <!-- Com.ApiTest.PutTest -->
