<?xml version="1.0" encoding="UTF-8"?>
<!-- Generated by org.testng.reporters.JUnitReportReporter -->
<testsuite hostname="LAPTOP-KTHHIK5G" failures="0" tests="4" name="Com.ApiTest.GetTest" time="5.081" errors="0" timestamp="2026-06-17T10:08:37 IST" skipped="0">
  <testcase classname="Com.ApiTest.GetTest" name="getUser_ValidId_ShouldReturnCorrectName" time="0.530"/>
  <testcase classname="Com.ApiTest.GetTest" name="getUser_ValidId_ShouldReturnOK" time="0.378"/>
  <testcase classname="Com.ApiTest.GetTest" name="getUser_InvalidId_ShouldReturnNotFound" time="3.114"/>
  <testcase classname="Com.ApiTest.GetTest" name="getUser_ValidId_ShouldReturnCorrectEmail" time="1.059"/>
</testsuite> <!-- Com.ApiTest.GetTest -->
