<?xml version="1.0" encoding="UTF-8"?>
<!-- Generated by org.testng.reporters.JUnitReportReporter -->
<testsuite hostname="LAPTOP-KTHHIK5G" failures="0" tests="2" name="Com.ApiTest.PatchTest" time="0.099" errors="0" timestamp="2026-06-16T16:55:31 IST" skipped="0">
  <testcase classname="Com.ApiTest.PatchTest" name="patchTrainee_ValidData_ShouldReturnOK" time="0.032"/>
  <testcase classname="Com.ApiTest.PatchTest" name="patchTrainee_ValidData_ShouldReturnUpdatedCompany" time="0.067"/>
</testsuite> <!-- Com.ApiTest.PatchTest -->
