<?xml version="1.0" encoding="UTF-8"?>
<!-- Generated by org.testng.reporters.JUnitXMLReporter -->
<testsuite ignored="0" hostname="LAPTOP-KTHHIK5G" failures="0" tests="11" name="Test" time="24.366" errors="0" timestamp="2026-06-17T12:24:21 IST">
  <testcase classname="Com.ApiTest.CourseStructureTest" name="getCourseStructure" time="8.179"/>
  <testcase classname="Com.ApiTest.CreateNoteTest" name="createNote" time="1.4"/>
  <testcase classname="Com.ApiTest.GetAllNotesTest" name="getAllNotes" time="1.618"/>
  <testcase classname="Com.ApiTest.GetNoteByIdTest" name="getNoteById" time="1.641"/>
  <testcase classname="Com.ApiTest.HealthCheckTest" name="healthCheck" time="0.809"/>
  <testcase classname="Com.ApiTest.InstitutionTest" name="getAllInstitution" time="1.325"/>
  <testcase classname="Com.ApiTest.LoginTest" name="loginTest" time="3.586"/>
  <testcase classname="Com.ApiTest.RolesTest" name="getRoles" time="1.423"/>
  <testcase classname="Com.ApiTest.TogglePinTest" name="togglePin" time="1.735"/>
  <testcase classname="Com.ApiTest.UpdateNoteTest" name="updateNote" time="1.225"/>
  <testcase classname="Com.ApiTest.DeleteNoteTest" name="deleteNote" time="1.329"/>
</testsuite> <!-- Test -->
