<?xml version="1.0" encoding="UTF-8"?>
<!-- Generated by org.testng.reporters.JUnitXMLReporter -->
<testsuite ignored="0" hostname="LAPTOP-KTHHIK5G" failures="0" tests="11" name="Test" time="24.582" errors="0" timestamp="2026-06-18T10:31:56 IST">
  <testcase classname="Com.ApiTest.CourseStructureTest" name="getCourseStructure" time="8.075"/>
  <testcase classname="Com.ApiTest.CreateNoteTest" name="createNote" time="1.53"/>
  <testcase classname="Com.ApiTest.GetAllNotesTest" name="getAllNotes" time="1.84"/>
  <testcase classname="Com.ApiTest.GetNoteByIdTest" name="getNoteById" time="1.612"/>
  <testcase classname="Com.ApiTest.HealthCheckTest" name="healthCheck" time="0.504"/>
  <testcase classname="Com.ApiTest.InstitutionTest" name="getAllInstitution" time="0.712"/>
  <testcase classname="Com.ApiTest.LoginTest" name="loginTest" time="3.982"/>
  <testcase classname="Com.ApiTest.RolesTest" name="getRoles" time="1.524"/>
  <testcase classname="Com.ApiTest.TogglePinTest" name="togglePin" time="1.834"/>
  <testcase classname="Com.ApiTest.UpdateNoteTest" name="updateNote" time="1.323"/>
  <testcase classname="Com.ApiTest.DeleteNoteTest" name="deleteNote" time="1.314"/>
</testsuite> <!-- Test -->
