<?xml version="1.0" encoding="UTF-8"?>
<testng-results ignored="0" total="1" passed="1" failed="0" skipped="0">
  <reporter-output>
  </reporter-output>
  <suite started-at="2026-06-16T09:08:04 IST" name="Default suite" finished-at="2026-06-16T09:08:06 IST" duration-ms="2095">
    <groups>
    </groups>
    <test started-at="2026-06-16T09:08:04 IST" name="Default test" finished-at="2026-06-16T09:08:06 IST" duration-ms="2095">
      <class name="Com.tests.ApiValidatorTest">
        <test-method signature="validateUserData()[pri:0, instance:Com.tests.ApiValidatorTest@73a1e9a9]" started-at="2026-06-16T09:08:04 IST" name="validateUserData" finished-at="2026-06-16T09:08:06 IST" duration-ms="2051" status="PASS">
          <reporter-output>
          </reporter-output>
        </test-method> <!-- validateUserData -->
      </class> <!-- Com.tests.ApiValidatorTest -->
    </test> <!-- Default test -->
  </suite> <!-- Default suite -->
</testng-results>
