<?xml version="1.0" encoding="UTF-8"?>
<!-- Generated by org.testng.reporters.JUnitReportReporter -->
<testsuite hostname="LAPTOP-KTHHIK5G" failures="0" tests="2" name="Com.ApiTest.PostTest" time="0.058" errors="0" timestamp="2026-06-16T16:44:59 IST" skipped="0">
  <testcase classname="Com.ApiTest.PostTest" name="postTrainee_ValidData_ShouldReturnCorrectCompany" time="0.043"/>
  <testcase classname="Com.ApiTest.PostTest" name="postTrainee_ValidData_ShouldReturnCreated" time="0.015"/>
</testsuite> <!-- Com.ApiTest.PostTest -->
