<?xml version="1.0" encoding="UTF-8"?>
<!-- Generated by org.testng.reporters.JUnitReportReporter -->
<testsuite hostname="LAPTOP-KTHHIK5G" failures="0" tests="3" name="Com.ApiTest.GetTest" time="0.467" errors="0" timestamp="2026-06-16T16:55:31 IST" skipped="0">
  <testcase classname="Com.ApiTest.GetTest" name="getTrainee_InvalidId_ShouldReturnNotFound" time="0.020"/>
  <testcase classname="Com.ApiTest.GetTest" name="getTrainee_ValidId_ShouldReturnOK" time="0.023"/>
  <testcase classname="Com.ApiTest.GetTest" name="getTrainee_ValidId_ShouldReturnCorrectName" time="0.424"/>
</testsuite> <!-- Com.ApiTest.GetTest -->
