<?xml version="1.0" encoding="UTF-8"?>
<!-- Generated by org.testng.reporters.JUnitReportReporter -->
<testsuite hostname="LAPTOP-KTHHIK5G" failures="0" tests="2" name="Com.ApiTest.PutTest" time="0.052" errors="0" timestamp="2026-06-16T16:44:59 IST" skipped="0">
  <testcase classname="Com.ApiTest.PutTest" name="putTrainee_ValidData_ShouldReturnOK" time="0.024"/>
  <testcase classname="Com.ApiTest.PutTest" name="putTrainee_ValidData_ShouldReturnUpdatedCompany" time="0.028"/>
</testsuite> <!-- Com.ApiTest.PutTest -->
