<?xml version="1.0" encoding="UTF-8"?>
<!-- Generated by org.testng.reporters.JUnitReportReporter -->
<testsuite hostname="LAPTOP-KTHHIK5G" failures="0" tests="2" name="Com.ApiTest.PostTest" time="0.060" errors="0" timestamp="2026-06-16T16:55:31 IST" skipped="0">
  <testcase classname="Com.ApiTest.PostTest" name="postTrainee_ValidData_ShouldReturnCreated" time="0.019"/>
  <testcase classname="Com.ApiTest.PostTest" name="postTrainee_ValidData_ShouldReturnCorrectCompany" time="0.041"/>
</testsuite> <!-- Com.ApiTest.PostTest -->
