<?xml version="1.0" encoding="UTF-8"?>
<testng-results ignored="0" total="11" passed="11" failed="0" skipped="0">
  <reporter-output>
  </reporter-output>
  <suite started-at="2026-06-18T10:31:32 IST" name="Suite" finished-at="2026-06-18T10:31:56 IST" duration-ms="24582">
    <groups>
    </groups>
    <test started-at="2026-06-18T10:31:32 IST" name="Test" finished-at="2026-06-18T10:31:56 IST" duration-ms="24582">
      <class name="Com.ApiTest.RolesTest">
        <test-method signature="getRoles()[pri:0, instance:Com.ApiTest.RolesTest@147e2ae7]" started-at="2026-06-18T10:31:50 IST" name="getRoles" finished-at="2026-06-18T10:31:52 IST" duration-ms="1524" status="PASS">
          <reporter-output>
          </reporter-output>
        </test-method> <!-- getRoles -->
      </class> <!-- Com.ApiTest.RolesTest -->
      <class name="Com.ApiTest.GetAllNotesTest">
        <test-method signature="getAllNotes()[pri:0, instance:Com.ApiTest.GetAllNotesTest@642a7222]" started-at="2026-06-18T10:31:42 IST" name="getAllNotes" finished-at="2026-06-18T10:31:43 IST" depends-on-methods="Com.ApiTest.CreateNoteTest.createNote" duration-ms="1840" status="PASS">
          <reporter-output>
          </reporter-output>
        </test-method> <!-- getAllNotes -->
      </class> <!-- Com.ApiTest.GetAllNotesTest -->
      <class name="Com.ApiTest.CourseStructureTest">
        <test-method signature="getCourseStructure()[pri:0, instance:Com.ApiTest.CourseStructureTest@565f390]" started-at="2026-06-18T10:31:32 IST" name="getCourseStructure" finished-at="2026-06-18T10:31:40 IST" duration-ms="8075" status="PASS">
          <reporter-output>
          </reporter-output>
        </test-method> <!-- getCourseStructure -->
      </class> <!-- Com.ApiTest.CourseStructureTest -->
      <class name="Com.ApiTest.TogglePinTest">
        <test-method signature="togglePin()[pri:0, instance:Com.ApiTest.TogglePinTest@448c8166]" started-at="2026-06-18T10:31:52 IST" name="togglePin" finished-at="2026-06-18T10:31:54 IST" depends-on-methods="Com.ApiTest.CreateNoteTest.createNote" duration-ms="1834" status="PASS">
          <reporter-output>
          </reporter-output>
        </test-method> <!-- togglePin -->
      </class> <!-- Com.ApiTest.TogglePinTest -->
      <class name="Com.ApiTest.DeleteNoteTest">
        <test-method signature="deleteNote()[pri:0, instance:Com.ApiTest.DeleteNoteTest@311bf055]" started-at="2026-06-18T10:31:55 IST" name="deleteNote" finished-at="2026-06-18T10:31:56 IST" depends-on-methods="Com.ApiTest.CreateNoteTest.createNote, Com.ApiTest.UpdateNoteTest.updateNote, Com.ApiTest.TogglePinTest.togglePin" duration-ms="1314" status="PASS">
          <reporter-output>
          </reporter-output>
        </test-method> <!-- deleteNote -->
      </class> <!-- Com.ApiTest.DeleteNoteTest -->
      <class name="Com.ApiTest.LoginTest">
        <test-method signature="loginTest()[pri:0, instance:Com.ApiTest.LoginTest@78452606]" started-at="2026-06-18T10:31:46 IST" name="loginTest" finished-at="2026-06-18T10:31:50 IST" duration-ms="3982" status="PASS">
          <reporter-output>
          </reporter-output>
        </test-method> <!-- loginTest -->
      </class> <!-- Com.ApiTest.LoginTest -->
      <class name="Com.ApiTest.HealthCheckTest">
        <test-method signature="healthCheck()[pri:0, instance:Com.ApiTest.HealthCheckTest@21be3395]" started-at="2026-06-18T10:31:45 IST" name="healthCheck" finished-at="2026-06-18T10:31:46 IST" duration-ms="504" status="PASS">
          <reporter-output>
          </reporter-output>
        </test-method> <!-- healthCheck -->
      </class> <!-- Com.ApiTest.HealthCheckTest -->
      <class name="Com.ApiTest.CreateNoteTest">
        <test-method signature="createNote()[pri:0, instance:Com.ApiTest.CreateNoteTest@6d5620ce]" started-at="2026-06-18T10:31:40 IST" name="createNote" finished-at="2026-06-18T10:31:42 IST" duration-ms="1530" status="PASS">
          <reporter-output>
          </reporter-output>
        </test-method> <!-- createNote -->
      </class> <!-- Com.ApiTest.CreateNoteTest -->
      <class name="Com.ApiTest.GetNoteByIdTest">
        <test-method signature="getNoteById()[pri:0, instance:Com.ApiTest.GetNoteByIdTest@7d322cad]" started-at="2026-06-18T10:31:43 IST" name="getNoteById" finished-at="2026-06-18T10:31:45 IST" depends-on-methods="Com.ApiTest.CreateNoteTest.createNote" duration-ms="1612" status="PASS">
          <reporter-output>
          </reporter-output>
        </test-method> <!-- getNoteById -->
      </class> <!-- Com.ApiTest.GetNoteByIdTest -->
      <class name="Com.ApiTest.InstitutionTest">
        <test-method signature="getAllInstitution()[pri:0, instance:Com.ApiTest.InstitutionTest@4f49f6af]" started-at="2026-06-18T10:31:46 IST" name="getAllInstitution" finished-at="2026-06-18T10:31:46 IST" duration-ms="712" status="PASS">
          <reporter-output>
          </reporter-output>
        </test-method> <!-- getAllInstitution -->
      </class> <!-- Com.ApiTest.InstitutionTest -->
      <class name="Com.ApiTest.UpdateNoteTest">
        <test-method signature="updateNote()[pri:0, instance:Com.ApiTest.UpdateNoteTest@4470fbd6]" started-at="2026-06-18T10:31:54 IST" name="updateNote" finished-at="2026-06-18T10:31:55 IST" depends-on-methods="Com.ApiTest.CreateNoteTest.createNote" duration-ms="1323" status="PASS">
          <reporter-output>
          </reporter-output>
        </test-method> <!-- updateNote -->
      </class> <!-- Com.ApiTest.UpdateNoteTest -->
    </test> <!-- Test -->
  </suite> <!-- Suite -->
</testng-results>
